<?xml version="1.0" encoding="UTF-8"?>
<!-- Generated by org.testng.reporters.JUnitReportReporter -->
<testsuite hostname="DESKTOP-C9MVC75" failures="0" tests="1" name="com.gcr.scripts.TC4" time="10.582" errors="0" timestamp="2022-12-12T20:10:25 IST" skipped="0">
  <testcase classname="com.gcr.scripts.TC4" name="LoginLogout_WebShop" time="10.582"/>
  <system-out/>
</testsuite> <!-- com.gcr.scripts.TC4 -->
